TN:
SF:src\entities\area.ts
FN:20,(anonymous_2)
FN:20,(anonymous_3)
FN:24,(anonymous_4)
FN:24,(anonymous_5)
FNF:4
FNH:0
FNDA:0,(anonymous_2)
FNDA:0,(anonymous_3)
FNDA:0,(anonymous_4)
FNDA:0,(anonymous_5)
DA:1,1
DA:2,1
DA:3,1
DA:6,1
DA:8,1
DA:11,1
DA:14,1
DA:17,1
DA:20,0
DA:21,1
DA:24,0
DA:25,1
LF:12
LH:10
BRF:0
BRH:0
end_of_record
TN:
SF:src\entities\carrera.ts
FN:25,(anonymous_2)
FN:25,(anonymous_3)
FNF:2
FNH:0
FNDA:0,(anonymous_2)
FNDA:0,(anonymous_3)
DA:1,1
DA:2,1
DA:5,1
DA:7,1
DA:10,1
DA:13,1
DA:16,1
DA:19,1
DA:22,1
DA:25,0
DA:27,1
DA:30,1
LF:12
LH:11
BRF:0
BRH:0
end_of_record
TN:
SF:src\entities\categoria.ts
FN:24,(anonymous_2)
FN:24,(anonymous_3)
FNF:2
FNH:0
FNDA:0,(anonymous_2)
FNDA:0,(anonymous_3)
DA:1,1
DA:2,1
DA:5,1
DA:7,1
DA:11,1
DA:15,1
DA:19,1
DA:24,0
DA:25,1
LF:9
LH:8
BRF:0
BRH:0
end_of_record
TN:
SF:src\entities\departamento.ts
FN:21,(anonymous_2)
FN:21,(anonymous_3)
FN:26,(anonymous_4)
FN:26,(anonymous_5)
FN:30,(anonymous_6)
FN:30,(anonymous_7)
FNF:6
FNH:0
FNDA:0,(anonymous_2)
FNDA:0,(anonymous_3)
FNDA:0,(anonymous_4)
FNDA:0,(anonymous_5)
FNDA:0,(anonymous_6)
FNDA:0,(anonymous_7)
DA:1,1
DA:2,1
DA:3,1
DA:4,1
DA:7,1
DA:9,1
DA:12,1
DA:15,1
DA:18,1
DA:21,0
DA:23,1
DA:26,0
DA:27,1
DA:30,0
DA:31,1
LF:15
LH:12
BRF:0
BRH:0
end_of_record
TN:
SF:src\entities\estadoSolicitud.ts
FN:36,(anonymous_2)
FN:36,(anonymous_3)
FNF:2
FNH:0
FNDA:0,(anonymous_2)
FNDA:0,(anonymous_3)
DA:1,1
DA:2,1
DA:5,1
DA:7,1
DA:11,1
DA:15,1
DA:19,1
DA:23,1
DA:28,1
DA:31,1
DA:33,1
DA:36,0
DA:37,1
LF:13
LH:12
BRF:0
BRH:0
end_of_record
TN:
SF:src\entities\responsable.ts
FN:30,(anonymous_2)
FN:30,(anonymous_3)
FN:38,(anonymous_4)
FN:38,(anonymous_5)
FN:42,(anonymous_6)
FN:42,(anonymous_7)
FNF:6
FNH:0
FNDA:0,(anonymous_2)
FNDA:0,(anonymous_3)
FNDA:0,(anonymous_4)
FNDA:0,(anonymous_5)
FNDA:0,(anonymous_6)
FNDA:0,(anonymous_7)
DA:1,1
DA:2,1
DA:3,1
DA:4,1
DA:7,1
DA:9,1
DA:12,1
DA:15,1
DA:18,1
DA:21,1
DA:24,1
DA:27,1
DA:30,0
DA:32,1
DA:35,1
DA:38,0
DA:39,1
DA:42,0
DA:44,1
DA:47,1
LF:20
LH:17
BRF:0
BRH:0
end_of_record
TN:
SF:src\entities\solicitante.ts
FN:22,(anonymous_2)
FN:22,(anonymous_3)
FN:26,(anonymous_4)
FN:26,(anonymous_5)
FN:31,(anonymous_6)
FN:31,(anonymous_7)
FNF:6
FNH:0
FNDA:0,(anonymous_2)
FNDA:0,(anonymous_3)
FNDA:0,(anonymous_4)
FNDA:0,(anonymous_5)
FNDA:0,(anonymous_6)
FNDA:0,(anonymous_7)
DA:1,1
DA:2,1
DA:3,1
DA:4,1
DA:8,1
DA:10,1
DA:12,1
DA:14,1
DA:16,1
DA:18,1
DA:22,0
DA:23,1
DA:26,0
DA:28,1
DA:31,0
DA:33,1
LF:16
LH:13
BRF:0
BRH:0
end_of_record
TN:
SF:src\entities\solicitud.ts
FN:17,(anonymous_2)
FN:17,(anonymous_3)
FN:25,(anonymous_4)
FN:25,(anonymous_5)
FNF:4
FNH:0
FNDA:0,(anonymous_2)
FNDA:0,(anonymous_3)
FNDA:0,(anonymous_4)
FNDA:0,(anonymous_5)
DA:1,1
DA:2,1
DA:3,1
DA:6,1
DA:8,1
DA:10,1
DA:12,1
DA:14,1
DA:17,0
DA:19,1
DA:22,1
DA:25,0
DA:27,1
LF:13
LH:11
BRF:0
BRH:0
end_of_record
